This file contains any messages produced by compilers while
running configure, to aid debugging if configure makes a mistake.

It was created by inotify-java configure 2.1, which was
generated by GNU Autoconf 2.68.  Invocation command line was

  $ ./configure --prefix=/home/suraj/repos/inotify_deps --libdir=/home/suraj/repos/inotify_deps

## --------- ##
## Platform. ##
## --------- ##

hostname = INBLRLT-Suraj
uname -m = x86_64
uname -r = 3.8.0-19-generic
uname -s = Linux
uname -v = #30-Ubuntu SMP Wed May 1 16:35:23 UTC 2013

/usr/bin/uname -p = unknown
/bin/uname -X     = unknown

/bin/arch              = unknown
/usr/bin/arch -k       = unknown
/usr/convex/getsysinfo = unknown
/usr/bin/hostinfo      = unknown
/bin/machine           = unknown
/usr/bin/oslevel       = unknown
/bin/universe          = unknown

PATH: /usr/lib/lightdm/lightdm
PATH: /usr/local/sbin
PATH: /usr/local/bin
PATH: /usr/sbin
PATH: /usr/bin
PATH: /sbin
PATH: /bin
PATH: /usr/games
PATH: /usr/local/games
PATH: /home/suraj/Software/JDK/jdk1.7.0_45/bin
PATH: /home/suraj/sbt
PATH: /home/suraj/Software/Play/play-2.2.1/


## ----------- ##
## Core tests. ##
## ----------- ##

configure:2287: checking for a BSD-compatible install
configure:2355: result: /usr/bin/install -c
configure:2366: checking whether build environment is sane
configure:2414: result: yes
configure:2555: checking for a thread-safe mkdir -p
configure:2594: result: /bin/mkdir -p
configure:2607: checking for gawk
configure:2637: result: no
configure:2607: checking for mawk
configure:2623: found /usr/bin/mawk
configure:2634: result: mawk
configure:2645: checking whether make sets $(MAKE)
configure:2667: result: yes
configure:2748: checking whether to enable maintainer-specific portions of Makefiles
configure:2757: result: no
configure:2833: checking for g++
configure:2849: found /usr/bin/g++
configure:2860: result: g++
configure:2887: checking for C++ compiler version
configure:2896: g++ --version >&5
g++ (Ubuntu/Linaro 4.7.3-1ubuntu1) 4.7.3
Copyright (C) 2012 Free Software Foundation, Inc.
This is free software; see the source for copying conditions.  There is NO
warranty; not even for MERCHANTABILITY or FITNESS FOR A PARTICULAR PURPOSE.

configure:2907: $? = 0
configure:2896: g++ -v >&5
Using built-in specs.
COLLECT_GCC=g++
COLLECT_LTO_WRAPPER=/usr/lib/gcc/x86_64-linux-gnu/4.7/lto-wrapper
Target: x86_64-linux-gnu
Configured with: ../src/configure -v --with-pkgversion='Ubuntu/Linaro 4.7.3-1ubuntu1' --with-bugurl=file:///usr/share/doc/gcc-4.7/README.Bugs --enable-languages=c,c++,go,fortran,objc,obj-c++ --prefix=/usr --program-suffix=-4.7 --enable-shared --enable-linker-build-id --libexecdir=/usr/lib --without-included-gettext --enable-threads=posix --with-gxx-include-dir=/usr/include/c++/4.7 --libdir=/usr/lib --enable-nls --with-sysroot=/ --enable-clocale=gnu --enable-libstdcxx-debug --enable-libstdcxx-time=yes --enable-gnu-unique-object --enable-plugin --with-system-zlib --enable-objc-gc --with-cloog --enable-cloog-backend=ppl --disable-cloog-version-check --disable-ppl-version-check --enable-multiarch --disable-werror --with-arch-32=i686 --with-abi=m64 --with-multilib-list=m32,m64,mx32 --with-tune=generic --enable-checking=release --build=x86_64-linux-gnu --host=x86_64-linux-gnu --target=x86_64-linux-gnu
Thread model: posix
gcc version 4.7.3 (Ubuntu/Linaro 4.7.3-1ubuntu1) 
configure:2907: $? = 0
configure:2896: g++ -V >&5
g++: error: unrecognized command line option '-V'
g++: fatal error: no input files
compilation terminated.
configure:2907: $? = 4
configure:2896: g++ -qversion >&5
g++: error: unrecognized command line option '-qversion'
g++: fatal error: no input files
compilation terminated.
configure:2907: $? = 4
configure:2927: checking whether the C++ compiler works
configure:2949: g++    conftest.cpp  >&5
configure:2953: $? = 0
configure:3001: result: yes
configure:3004: checking for C++ compiler default output file name
configure:3006: result: a.out
configure:3012: checking for suffix of executables
configure:3019: g++ -o conftest    conftest.cpp  >&5
configure:3023: $? = 0
configure:3045: result: 
configure:3067: checking whether we are cross compiling
configure:3075: g++ -o conftest    conftest.cpp  >&5
configure:3079: $? = 0
configure:3086: ./conftest
configure:3090: $? = 0
configure:3105: result: no
configure:3110: checking for suffix of object files
configure:3132: g++ -c   conftest.cpp >&5
configure:3136: $? = 0
configure:3157: result: o
configure:3161: checking whether we are using the GNU C++ compiler
configure:3180: g++ -c   conftest.cpp >&5
configure:3180: $? = 0
configure:3189: result: yes
configure:3198: checking whether g++ accepts -g
configure:3218: g++ -c -g  conftest.cpp >&5
configure:3218: $? = 0
configure:3259: result: yes
configure:3293: checking for style of include used by make
configure:3321: result: GNU
configure:3346: checking dependency style of g++
configure:3456: result: gcc3
configure:3520: checking for gcc
configure:3536: found /usr/bin/gcc
configure:3547: result: gcc
configure:3776: checking for C compiler version
configure:3785: gcc --version >&5
gcc (Ubuntu/Linaro 4.7.3-1ubuntu1) 4.7.3
Copyright (C) 2012 Free Software Foundation, Inc.
This is free software; see the source for copying conditions.  There is NO
warranty; not even for MERCHANTABILITY or FITNESS FOR A PARTICULAR PURPOSE.

configure:3796: $? = 0
configure:3785: gcc -v >&5
Using built-in specs.
COLLECT_GCC=gcc
COLLECT_LTO_WRAPPER=/usr/lib/gcc/x86_64-linux-gnu/4.7/lto-wrapper
Target: x86_64-linux-gnu
Configured with: ../src/configure -v --with-pkgversion='Ubuntu/Linaro 4.7.3-1ubuntu1' --with-bugurl=file:///usr/share/doc/gcc-4.7/README.Bugs --enable-languages=c,c++,go,fortran,objc,obj-c++ --prefix=/usr --program-suffix=-4.7 --enable-shared --enable-linker-build-id --libexecdir=/usr/lib --without-included-gettext --enable-threads=posix --with-gxx-include-dir=/usr/include/c++/4.7 --libdir=/usr/lib --enable-nls --with-sysroot=/ --enable-clocale=gnu --enable-libstdcxx-debug --enable-libstdcxx-time=yes --enable-gnu-unique-object --enable-plugin --with-system-zlib --enable-objc-gc --with-cloog --enable-cloog-backend=ppl --disable-cloog-version-check --disable-ppl-version-check --enable-multiarch --disable-werror --with-arch-32=i686 --with-abi=m64 --with-multilib-list=m32,m64,mx32 --with-tune=generic --enable-checking=release --build=x86_64-linux-gnu --host=x86_64-linux-gnu --target=x86_64-linux-gnu
Thread model: posix
gcc version 4.7.3 (Ubuntu/Linaro 4.7.3-1ubuntu1) 
configure:3796: $? = 0
configure:3785: gcc -V >&5
gcc: error: unrecognized command line option '-V'
gcc: fatal error: no input files
compilation terminated.
configure:3796: $? = 4
configure:3785: gcc -qversion >&5
gcc: error: unrecognized command line option '-qversion'
gcc: fatal error: no input files
compilation terminated.
configure:3796: $? = 4
configure:3800: checking whether we are using the GNU C compiler
configure:3819: gcc -c   conftest.c >&5
configure:3819: $? = 0
configure:3828: result: yes
configure:3837: checking whether gcc accepts -g
configure:3857: gcc -c -g  conftest.c >&5
configure:3857: $? = 0
configure:3898: result: yes
configure:3915: checking for gcc option to accept ISO C89
configure:3979: gcc  -c -g -O2  conftest.c >&5
configure:3979: $? = 0
configure:3992: result: none needed
configure:4014: checking dependency style of gcc
configure:4124: result: gcc3
configure:4145: checking how to run the C preprocessor
configure:4176: gcc -E  conftest.c
configure:4176: $? = 0
configure:4190: gcc -E  conftest.c
conftest.c:11:28: fatal error: ac_nonexistent.h: No such file or directory
compilation terminated.
configure:4190: $? = 1
configure: failed program was:
| /* confdefs.h */
| #define PACKAGE_NAME "inotify-java"
| #define PACKAGE_TARNAME "inotify-java"
| #define PACKAGE_VERSION "2.1"
| #define PACKAGE_STRING "inotify-java 2.1"
| #define PACKAGE_BUGREPORT "https://bitbucket.org/nbargnesi/inotify-java/issues"
| #define PACKAGE_URL ""
| #define PACKAGE "inotify-java"
| #define VERSION "2.1"
| /* end confdefs.h.  */
| #include <ac_nonexistent.h>
configure:4215: result: gcc -E
configure:4235: gcc -E  conftest.c
configure:4235: $? = 0
configure:4249: gcc -E  conftest.c
conftest.c:11:28: fatal error: ac_nonexistent.h: No such file or directory
compilation terminated.
configure:4249: $? = 1
configure: failed program was:
| /* confdefs.h */
| #define PACKAGE_NAME "inotify-java"
| #define PACKAGE_TARNAME "inotify-java"
| #define PACKAGE_VERSION "2.1"
| #define PACKAGE_STRING "inotify-java 2.1"
| #define PACKAGE_BUGREPORT "https://bitbucket.org/nbargnesi/inotify-java/issues"
| #define PACKAGE_URL ""
| #define PACKAGE "inotify-java"
| #define VERSION "2.1"
| /* end confdefs.h.  */
| #include <ac_nonexistent.h>
configure:4278: checking for grep that handles long lines and -e
configure:4336: result: /bin/grep
configure:4341: checking for egrep
configure:4403: result: /bin/grep -E
configure:4408: checking for ANSI C header files
configure:4428: gcc -c -g -O2  conftest.c >&5
configure:4428: $? = 0
configure:4501: gcc -o conftest -g -O2   conftest.c  >&5
configure:4501: $? = 0
configure:4501: ./conftest
configure:4501: $? = 0
configure:4512: result: yes
configure:4525: checking for sys/types.h
configure:4525: gcc -c -g -O2  conftest.c >&5
configure:4525: $? = 0
configure:4525: result: yes
configure:4525: checking for sys/stat.h
configure:4525: gcc -c -g -O2  conftest.c >&5
configure:4525: $? = 0
configure:4525: result: yes
configure:4525: checking for stdlib.h
configure:4525: gcc -c -g -O2  conftest.c >&5
configure:4525: $? = 0
configure:4525: result: yes
configure:4525: checking for string.h
configure:4525: gcc -c -g -O2  conftest.c >&5
configure:4525: $? = 0
configure:4525: result: yes
configure:4525: checking for memory.h
configure:4525: gcc -c -g -O2  conftest.c >&5
configure:4525: $? = 0
configure:4525: result: yes
configure:4525: checking for strings.h
configure:4525: gcc -c -g -O2  conftest.c >&5
configure:4525: $? = 0
configure:4525: result: yes
configure:4525: checking for inttypes.h
configure:4525: gcc -c -g -O2  conftest.c >&5
configure:4525: $? = 0
configure:4525: result: yes
configure:4525: checking for stdint.h
configure:4525: gcc -c -g -O2  conftest.c >&5
configure:4525: $? = 0
configure:4525: result: yes
configure:4525: checking for unistd.h
configure:4525: gcc -c -g -O2  conftest.c >&5
configure:4525: $? = 0
configure:4525: result: yes
configure:4539: checking sys/inotify.h usability
configure:4539: gcc -c -g -O2  conftest.c >&5
configure:4539: $? = 0
configure:4539: result: yes
configure:4539: checking sys/inotify.h presence
configure:4539: gcc -E  conftest.c
configure:4539: $? = 0
configure:4539: result: yes
configure:4539: checking for sys/inotify.h
configure:4539: result: yes
configure:4557: checking for java
configure:4575: found /home/suraj/Software/JDK/jdk1.7.0_45/bin/java
configure:4588: result: /home/suraj/Software/JDK/jdk1.7.0_45/bin/java
configure:4615: checking for javac
configure:4633: found /home/suraj/Software/JDK/jdk1.7.0_45/bin/javac
configure:4646: result: /home/suraj/Software/JDK/jdk1.7.0_45/bin/javac
configure:4660: checking for jar
configure:4678: found /home/suraj/Software/JDK/jdk1.7.0_45/bin/jar
configure:4691: result: /home/suraj/Software/JDK/jdk1.7.0_45/bin/jar
configure:4705: checking for javah
configure:4723: found /home/suraj/Software/JDK/jdk1.7.0_45/bin/javah
configure:4736: result: /home/suraj/Software/JDK/jdk1.7.0_45/bin/javah
configure:4750: checking for ant
configure:4768: found /usr/bin/ant
configure:4781: result: /usr/bin/ant
configure:4793: checking for size_t
configure:4793: gcc -c -g -O2  conftest.c >&5
configure:4793: $? = 0
configure:4793: gcc -c -g -O2  conftest.c >&5
conftest.c: In function 'main':
conftest.c:58:21: error: expected expression before ')' token
configure:4793: $? = 1
configure: failed program was:
| /* confdefs.h */
| #define PACKAGE_NAME "inotify-java"
| #define PACKAGE_TARNAME "inotify-java"
| #define PACKAGE_VERSION "2.1"
| #define PACKAGE_STRING "inotify-java 2.1"
| #define PACKAGE_BUGREPORT "https://bitbucket.org/nbargnesi/inotify-java/issues"
| #define PACKAGE_URL ""
| #define PACKAGE "inotify-java"
| #define VERSION "2.1"
| #define STDC_HEADERS 1
| #define HAVE_SYS_TYPES_H 1
| #define HAVE_SYS_STAT_H 1
| #define HAVE_STDLIB_H 1
| #define HAVE_STRING_H 1
| #define HAVE_MEMORY_H 1
| #define HAVE_STRINGS_H 1
| #define HAVE_INTTYPES_H 1
| #define HAVE_STDINT_H 1
| #define HAVE_UNISTD_H 1
| #define HAVE_SYS_INOTIFY_H 1
| /* end confdefs.h.  */
| #include <stdio.h>
| #ifdef HAVE_SYS_TYPES_H
| # include <sys/types.h>
| #endif
| #ifdef HAVE_SYS_STAT_H
| # include <sys/stat.h>
| #endif
| #ifdef STDC_HEADERS
| # include <stdlib.h>
| # include <stddef.h>
| #else
| # ifdef HAVE_STDLIB_H
| #  include <stdlib.h>
| # endif
| #endif
| #ifdef HAVE_STRING_H
| # if !defined STDC_HEADERS && defined HAVE_MEMORY_H
| #  include <memory.h>
| # endif
| # include <string.h>
| #endif
| #ifdef HAVE_STRINGS_H
| # include <strings.h>
| #endif
| #ifdef HAVE_INTTYPES_H
| # include <inttypes.h>
| #endif
| #ifdef HAVE_STDINT_H
| # include <stdint.h>
| #endif
| #ifdef HAVE_UNISTD_H
| # include <unistd.h>
| #endif
| int
| main ()
| {
| if (sizeof ((size_t)))
| 	    return 0;
|   ;
|   return 0;
| }
configure:4793: result: yes
configure:4805: checking for pid_t
configure:4805: gcc -c -g -O2  conftest.c >&5
configure:4805: $? = 0
configure:4805: gcc -c -g -O2  conftest.c >&5
conftest.c: In function 'main':
conftest.c:58:20: error: expected expression before ')' token
configure:4805: $? = 1
configure: failed program was:
| /* confdefs.h */
| #define PACKAGE_NAME "inotify-java"
| #define PACKAGE_TARNAME "inotify-java"
| #define PACKAGE_VERSION "2.1"
| #define PACKAGE_STRING "inotify-java 2.1"
| #define PACKAGE_BUGREPORT "https://bitbucket.org/nbargnesi/inotify-java/issues"
| #define PACKAGE_URL ""
| #define PACKAGE "inotify-java"
| #define VERSION "2.1"
| #define STDC_HEADERS 1
| #define HAVE_SYS_TYPES_H 1
| #define HAVE_SYS_STAT_H 1
| #define HAVE_STDLIB_H 1
| #define HAVE_STRING_H 1
| #define HAVE_MEMORY_H 1
| #define HAVE_STRINGS_H 1
| #define HAVE_INTTYPES_H 1
| #define HAVE_STDINT_H 1
| #define HAVE_UNISTD_H 1
| #define HAVE_SYS_INOTIFY_H 1
| /* end confdefs.h.  */
| #include <stdio.h>
| #ifdef HAVE_SYS_TYPES_H
| # include <sys/types.h>
| #endif
| #ifdef HAVE_SYS_STAT_H
| # include <sys/stat.h>
| #endif
| #ifdef STDC_HEADERS
| # include <stdlib.h>
| # include <stddef.h>
| #else
| # ifdef HAVE_STDLIB_H
| #  include <stdlib.h>
| # endif
| #endif
| #ifdef HAVE_STRING_H
| # if !defined STDC_HEADERS && defined HAVE_MEMORY_H
| #  include <memory.h>
| # endif
| # include <string.h>
| #endif
| #ifdef HAVE_STRINGS_H
| # include <strings.h>
| #endif
| #ifdef HAVE_INTTYPES_H
| # include <inttypes.h>
| #endif
| #ifdef HAVE_STDINT_H
| # include <stdint.h>
| #endif
| #ifdef HAVE_UNISTD_H
| # include <unistd.h>
| #endif
| int
| main ()
| {
| if (sizeof ((pid_t)))
| 	    return 0;
|   ;
|   return 0;
| }
configure:4805: result: yes
configure:4818: checking vfork.h usability
configure:4818: gcc -c -g -O2  conftest.c >&5
conftest.c:55:19: fatal error: vfork.h: No such file or directory
compilation terminated.
configure:4818: $? = 1
configure: failed program was:
| /* confdefs.h */
| #define PACKAGE_NAME "inotify-java"
| #define PACKAGE_TARNAME "inotify-java"
| #define PACKAGE_VERSION "2.1"
| #define PACKAGE_STRING "inotify-java 2.1"
| #define PACKAGE_BUGREPORT "https://bitbucket.org/nbargnesi/inotify-java/issues"
| #define PACKAGE_URL ""
| #define PACKAGE "inotify-java"
| #define VERSION "2.1"
| #define STDC_HEADERS 1
| #define HAVE_SYS_TYPES_H 1
| #define HAVE_SYS_STAT_H 1
| #define HAVE_STDLIB_H 1
| #define HAVE_STRING_H 1
| #define HAVE_MEMORY_H 1
| #define HAVE_STRINGS_H 1
| #define HAVE_INTTYPES_H 1
| #define HAVE_STDINT_H 1
| #define HAVE_UNISTD_H 1
| #define HAVE_SYS_INOTIFY_H 1
| /* end confdefs.h.  */
| #include <stdio.h>
| #ifdef HAVE_SYS_TYPES_H
| # include <sys/types.h>
| #endif
| #ifdef HAVE_SYS_STAT_H
| # include <sys/stat.h>
| #endif
| #ifdef STDC_HEADERS
| # include <stdlib.h>
| # include <stddef.h>
| #else
| # ifdef HAVE_STDLIB_H
| #  include <stdlib.h>
| # endif
| #endif
| #ifdef HAVE_STRING_H
| # if !defined STDC_HEADERS && defined HAVE_MEMORY_H
| #  include <memory.h>
| # endif
| # include <string.h>
| #endif
| #ifdef HAVE_STRINGS_H
| # include <strings.h>
| #endif
| #ifdef HAVE_INTTYPES_H
| # include <inttypes.h>
| #endif
| #ifdef HAVE_STDINT_H
| # include <stdint.h>
| #endif
| #ifdef HAVE_UNISTD_H
| # include <unistd.h>
| #endif
| #include <vfork.h>
configure:4818: result: no
configure:4818: checking vfork.h presence
configure:4818: gcc -E  conftest.c
conftest.c:22:19: fatal error: vfork.h: No such file or directory
compilation terminated.
configure:4818: $? = 1
configure: failed program was:
| /* confdefs.h */
| #define PACKAGE_NAME "inotify-java"
| #define PACKAGE_TARNAME "inotify-java"
| #define PACKAGE_VERSION "2.1"
| #define PACKAGE_STRING "inotify-java 2.1"
| #define PACKAGE_BUGREPORT "https://bitbucket.org/nbargnesi/inotify-java/issues"
| #define PACKAGE_URL ""
| #define PACKAGE "inotify-java"
| #define VERSION "2.1"
| #define STDC_HEADERS 1
| #define HAVE_SYS_TYPES_H 1
| #define HAVE_SYS_STAT_H 1
| #define HAVE_STDLIB_H 1
| #define HAVE_STRING_H 1
| #define HAVE_MEMORY_H 1
| #define HAVE_STRINGS_H 1
| #define HAVE_INTTYPES_H 1
| #define HAVE_STDINT_H 1
| #define HAVE_UNISTD_H 1
| #define HAVE_SYS_INOTIFY_H 1
| /* end confdefs.h.  */
| #include <vfork.h>
configure:4818: result: no
configure:4818: checking for vfork.h
configure:4818: result: no
configure:4831: checking for fork
configure:4831: gcc -o conftest -g -O2   conftest.c  >&5
conftest.c:45:6: warning: conflicting types for built-in function 'fork' [enabled by default]
configure:4831: $? = 0
configure:4831: result: yes
configure:4831: checking for vfork
configure:4831: gcc -o conftest -g -O2   conftest.c  >&5
configure:4831: $? = 0
configure:4831: result: yes
configure:4841: checking for working fork
configure:4863: gcc -o conftest -g -O2   conftest.c  >&5
configure:4863: $? = 0
configure:4863: ./conftest
configure:4863: $? = 0
configure:4873: result: yes
configure:4894: checking for working vfork
configure:5004: result: yes
configure:5031: checking for stdlib.h
configure:5031: result: yes
configure:5041: checking for GNU libc compatible malloc
configure:5065: gcc -o conftest -g -O2   conftest.c  >&5
configure:5065: $? = 0
configure:5065: ./conftest
configure:5065: $? = 0
configure:5075: result: yes
configure:5098: checking for pipe
configure:5098: gcc -o conftest -g -O2   conftest.c  >&5
configure:5098: $? = 0
configure:5098: result: yes
configure:5264: creating ./config.status

## ---------------------- ##
## Running config.status. ##
## ---------------------- ##

This file was extended by inotify-java config.status 2.1, which was
generated by GNU Autoconf 2.68.  Invocation command line was

  CONFIG_FILES    = 
  CONFIG_HEADERS  = 
  CONFIG_LINKS    = 
  CONFIG_COMMANDS = 
  $ ./config.status 

on INBLRLT-Suraj

config.status:888: creating Makefile
config.status:888: creating src/Makefile
config.status:888: creating src/cpp/Makefile
config.status:888: creating src/java/Makefile
config.status:888: creating inotify-java-2.1.pc
config.status:888: creating config.h
config.status:1069: config.h is unchanged
config.status:1117: executing depfiles commands

## ---------------- ##
## Cache variables. ##
## ---------------- ##

ac_cv_c_compiler_gnu=yes
ac_cv_cxx_compiler_gnu=yes
ac_cv_env_CCC_set=
ac_cv_env_CCC_value=
ac_cv_env_CC_set=
ac_cv_env_CC_value=
ac_cv_env_CFLAGS_set=
ac_cv_env_CFLAGS_value=
ac_cv_env_CPPFLAGS_set=
ac_cv_env_CPPFLAGS_value=
ac_cv_env_CPP_set=
ac_cv_env_CPP_value=
ac_cv_env_CXXFLAGS_set=
ac_cv_env_CXXFLAGS_value=
ac_cv_env_CXX_set=
ac_cv_env_CXX_value=
ac_cv_env_LDFLAGS_set=
ac_cv_env_LDFLAGS_value=
ac_cv_env_LIBS_set=
ac_cv_env_LIBS_value=
ac_cv_env_build_alias_set=
ac_cv_env_build_alias_value=
ac_cv_env_host_alias_set=
ac_cv_env_host_alias_value=
ac_cv_env_target_alias_set=
ac_cv_env_target_alias_value=
ac_cv_func_fork=yes
ac_cv_func_fork_works=yes
ac_cv_func_malloc_0_nonnull=yes
ac_cv_func_pipe=yes
ac_cv_func_vfork=yes
ac_cv_func_vfork_works=yes
ac_cv_header_inttypes_h=yes
ac_cv_header_memory_h=yes
ac_cv_header_stdc=yes
ac_cv_header_stdint_h=yes
ac_cv_header_stdlib_h=yes
ac_cv_header_string_h=yes
ac_cv_header_strings_h=yes
ac_cv_header_sys_inotify_h=yes
ac_cv_header_sys_stat_h=yes
ac_cv_header_sys_types_h=yes
ac_cv_header_unistd_h=yes
ac_cv_header_vfork_h=no
ac_cv_objext=o
ac_cv_path_ANT=/usr/bin/ant
ac_cv_path_EGREP='/bin/grep -E'
ac_cv_path_GREP=/bin/grep
ac_cv_path_JAR=/home/suraj/Software/JDK/jdk1.7.0_45/bin/jar
ac_cv_path_JAVA=/home/suraj/Software/JDK/jdk1.7.0_45/bin/java
ac_cv_path_JAVAC=/home/suraj/Software/JDK/jdk1.7.0_45/bin/javac
ac_cv_path_JAVAH=/home/suraj/Software/JDK/jdk1.7.0_45/bin/javah
ac_cv_path_install='/usr/bin/install -c'
ac_cv_path_mkdir=/bin/mkdir
ac_cv_prog_AWK=mawk
ac_cv_prog_CPP='gcc -E'
ac_cv_prog_ac_ct_CC=gcc
ac_cv_prog_ac_ct_CXX=g++
ac_cv_prog_cc_c89=
ac_cv_prog_cc_g=yes
ac_cv_prog_cxx_g=yes
ac_cv_prog_make_make_set=yes
ac_cv_type_pid_t=yes
ac_cv_type_size_t=yes
am_cv_CC_dependencies_compiler_type=gcc3
am_cv_CXX_dependencies_compiler_type=gcc3

## ----------------- ##
## Output variables. ##
## ----------------- ##

ACLOCAL='${SHELL} /home/suraj/repos/inotify-java/missing --run aclocal-1.11'
AMDEPBACKSLASH='\'
AMDEP_FALSE='#'
AMDEP_TRUE=''
AMTAR='${SHELL} /home/suraj/repos/inotify-java/missing --run tar'
ANT='/usr/bin/ant'
AUTOCONF='${SHELL} /home/suraj/repos/inotify-java/missing --run autoconf'
AUTOHEADER='${SHELL} /home/suraj/repos/inotify-java/missing --run autoheader'
AUTOMAKE='${SHELL} /home/suraj/repos/inotify-java/missing --run automake-1.11'
AWK='mawk'
CC='gcc'
CCDEPMODE='depmode=gcc3'
CFLAGS='-g -O2'
CPP='gcc -E'
CPPFLAGS=''
CXX='g++'
CXXDEPMODE='depmode=gcc3'
CXXFLAGS='-g -O2'
CYGPATH_W='echo'
DEBUG=''
DEFINES=''
DEFS='-DHAVE_CONFIG_H'
DEPDIR='.deps'
ECHO_C=''
ECHO_N='-n'
ECHO_T=''
EGREP='/bin/grep -E'
EXEEXT=''
GREP='/bin/grep'
INSTALL_DATA='${INSTALL} -m 644'
INSTALL_PROGRAM='${INSTALL}'
INSTALL_SCRIPT='${INSTALL}'
INSTALL_STRIP_PROGRAM='$(install_sh) -c -s'
JAR='/home/suraj/Software/JDK/jdk1.7.0_45/bin/jar'
JAVA='/home/suraj/Software/JDK/jdk1.7.0_45/bin/java'
JAVAC='/home/suraj/Software/JDK/jdk1.7.0_45/bin/javac'
JAVAH='/home/suraj/Software/JDK/jdk1.7.0_45/bin/javah'
JAVA_HOME='/home/suraj/Software/JDK/jdk1.7.0_45'
LDFLAGS=''
LIBOBJS=''
LIBS=''
LTLIBOBJS=''
MAINT='#'
MAINTAINER_MODE_FALSE=''
MAINTAINER_MODE_TRUE='#'
MAKEINFO='${SHELL} /home/suraj/repos/inotify-java/missing --run makeinfo'
MKDIR_P='/bin/mkdir -p'
OBJEXT='o'
PACKAGE='inotify-java'
PACKAGE_BUGREPORT='https://bitbucket.org/nbargnesi/inotify-java/issues'
PACKAGE_NAME='inotify-java'
PACKAGE_STRING='inotify-java 2.1'
PACKAGE_TARNAME='inotify-java'
PACKAGE_URL=''
PACKAGE_VERSION='2.1'
PATH_SEPARATOR=':'
SET_MAKE=''
SHELL='/bin/bash'
STRIP=''
VERSION='2.1'
ac_ct_CC='gcc'
ac_ct_CXX='g++'
am__EXEEXT_FALSE=''
am__EXEEXT_TRUE='#'
am__fastdepCC_FALSE='#'
am__fastdepCC_TRUE=''
am__fastdepCXX_FALSE='#'
am__fastdepCXX_TRUE=''
am__include='include'
am__isrc=''
am__leading_dot='.'
am__quote=''
am__tar='${AMTAR} chof - "$$tardir"'
am__untar='${AMTAR} xf -'
bindir='${exec_prefix}/bin'
build_alias=''
datadir='${datarootdir}'
datarootdir='${prefix}/share'
docdir='${datarootdir}/doc/${PACKAGE_TARNAME}'
dvidir='${docdir}'
exec_prefix='${prefix}'
host_alias=''
htmldir='${docdir}'
includedir='${prefix}/include'
infodir='${datarootdir}/info'
install_sh='${SHELL} /home/suraj/repos/inotify-java/install-sh'
libdir='/home/suraj/repos/inotify_deps'
libexecdir='${exec_prefix}/libexec'
localedir='${datarootdir}/locale'
localstatedir='${prefix}/var'
mandir='${datarootdir}/man'
mkdir_p='/bin/mkdir -p'
oldincludedir='/usr/include'
pdfdir='${docdir}'
prefix='/home/suraj/repos/inotify_deps'
program_transform_name='s,x,x,'
psdir='${docdir}'
sbindir='${exec_prefix}/sbin'
sharedstatedir='${prefix}/com'
sysconfdir='${prefix}/etc'
target_alias=''

## ----------- ##
## confdefs.h. ##
## ----------- ##

/* confdefs.h */
#define PACKAGE_NAME "inotify-java"
#define PACKAGE_TARNAME "inotify-java"
#define PACKAGE_VERSION "2.1"
#define PACKAGE_STRING "inotify-java 2.1"
#define PACKAGE_BUGREPORT "https://bitbucket.org/nbargnesi/inotify-java/issues"
#define PACKAGE_URL ""
#define PACKAGE "inotify-java"
#define VERSION "2.1"
#define STDC_HEADERS 1
#define HAVE_SYS_TYPES_H 1
#define HAVE_SYS_STAT_H 1
#define HAVE_STDLIB_H 1
#define HAVE_STRING_H 1
#define HAVE_MEMORY_H 1
#define HAVE_STRINGS_H 1
#define HAVE_INTTYPES_H 1
#define HAVE_STDINT_H 1
#define HAVE_UNISTD_H 1
#define HAVE_SYS_INOTIFY_H 1
#define HAVE_FORK 1
#define HAVE_VFORK 1
#define HAVE_WORKING_VFORK 1
#define HAVE_WORKING_FORK 1
#define HAVE_STDLIB_H 1
#define HAVE_MALLOC 1
#define HAVE_PIPE 1

configure: exit 0
